INFO: [VRFC 10-2263] Analyzing Verilog file "F:/Digital System Design/Lab 2/Carry_look_ahead_adder/Carry_look_ahead_adder.srcs/sim_1/new/CLA_test.v" into library xil_defaultlib
INFO: [VRFC 10-311] analyzing module CLA_test
ERROR: [VRFC 10-1280] procedural assignment to a non-register a is not permitted, left-hand side should be reg/integer/time/genvar [F:/Digital System Design/Lab 2/Carry_look_ahead_adder/Carry_look_ahead_adder.srcs/sim_1/new/CLA_test.v:14]
ERROR: [VRFC 10-1280] procedural assignment to a non-register a is not permitted, left-hand side should be reg/integer/time/genvar [F:/Digital System Design/Lab 2/Carry_look_ahead_adder/Carry_look_ahead_adder.srcs/sim_1/new/CLA_test.v:14]
ERROR: [VRFC 10-1280] procedural assignment to a non-register b is not permitted, left-hand side should be reg/integer/time/genvar [F:/Digital System Design/Lab 2/Carry_look_ahead_adder/Carry_look_ahead_adder.srcs/sim_1/new/CLA_test.v:14]
ERROR: [VRFC 10-1280] procedural assignment to a non-register b is not permitted, left-hand side should be reg/integer/time/genvar [F:/Digital System Design/Lab 2/Carry_look_ahead_adder/Carry_look_ahead_adder.srcs/sim_1/new/CLA_test.v:14]
ERROR: [VRFC 10-1280] procedural assignment to a non-register c_in is not permitted, left-hand side should be reg/integer/time/genvar [F:/Digital System Design/Lab 2/Carry_look_ahead_adder/Carry_look_ahead_adder.srcs/sim_1/new/CLA_test.v:14]
ERROR: [VRFC 10-1280] procedural assignment to a non-register c_in is not permitted, left-hand side should be reg/integer/time/genvar [F:/Digital System Design/Lab 2/Carry_look_ahead_adder/Carry_look_ahead_adder.srcs/sim_1/new/CLA_test.v:14]
ERROR: [VRFC 10-1280] procedural assignment to a non-register a is not permitted, left-hand side should be reg/integer/time/genvar [F:/Digital System Design/Lab 2/Carry_look_ahead_adder/Carry_look_ahead_adder.srcs/sim_1/new/CLA_test.v:15]
ERROR: [VRFC 10-1280] procedural assignment to a non-register a is not permitted, left-hand side should be reg/integer/time/genvar [F:/Digital System Design/Lab 2/Carry_look_ahead_adder/Carry_look_ahead_adder.srcs/sim_1/new/CLA_test.v:15]
ERROR: [VRFC 10-1280] procedural assignment to a non-register b is not permitted, left-hand side should be reg/integer/time/genvar [F:/Digital System Design/Lab 2/Carry_look_ahead_adder/Carry_look_ahead_adder.srcs/sim_1/new/CLA_test.v:15]
ERROR: [VRFC 10-1280] procedural assignment to a non-register b is not permitted, left-hand side should be reg/integer/time/genvar [F:/Digital System Design/Lab 2/Carry_look_ahead_adder/Carry_look_ahead_adder.srcs/sim_1/new/CLA_test.v:15]
ERROR: [VRFC 10-1280] procedural assignment to a non-register c_in is not permitted, left-hand side should be reg/integer/time/genvar [F:/Digital System Design/Lab 2/Carry_look_ahead_adder/Carry_look_ahead_adder.srcs/sim_1/new/CLA_test.v:15]
ERROR: [VRFC 10-1280] procedural assignment to a non-register c_in is not permitted, left-hand side should be reg/integer/time/genvar [F:/Digital System Design/Lab 2/Carry_look_ahead_adder/Carry_look_ahead_adder.srcs/sim_1/new/CLA_test.v:15]
ERROR: [VRFC 10-1280] procedural assignment to a non-register a is not permitted, left-hand side should be reg/integer/time/genvar [F:/Digital System Design/Lab 2/Carry_look_ahead_adder/Carry_look_ahead_adder.srcs/sim_1/new/CLA_test.v:16]
ERROR: [VRFC 10-1280] procedural assignment to a non-register a is not permitted, left-hand side should be reg/integer/time/genvar [F:/Digital System Design/Lab 2/Carry_look_ahead_adder/Carry_look_ahead_adder.srcs/sim_1/new/CLA_test.v:16]
ERROR: [VRFC 10-1280] procedural assignment to a non-register b is not permitted, left-hand side should be reg/integer/time/genvar [F:/Digital System Design/Lab 2/Carry_look_ahead_adder/Carry_look_ahead_adder.srcs/sim_1/new/CLA_test.v:16]
ERROR: [VRFC 10-1280] procedural assignment to a non-register b is not permitted, left-hand side should be reg/integer/time/genvar [F:/Digital System Design/Lab 2/Carry_look_ahead_adder/Carry_look_ahead_adder.srcs/sim_1/new/CLA_test.v:16]
ERROR: [VRFC 10-1280] procedural assignment to a non-register c_in is not permitted, left-hand side should be reg/integer/time/genvar [F:/Digital System Design/Lab 2/Carry_look_ahead_adder/Carry_look_ahead_adder.srcs/sim_1/new/CLA_test.v:16]
ERROR: [VRFC 10-1280] procedural assignment to a non-register c_in is not permitted, left-hand side should be reg/integer/time/genvar [F:/Digital System Design/Lab 2/Carry_look_ahead_adder/Carry_look_ahead_adder.srcs/sim_1/new/CLA_test.v:16]
ERROR: [VRFC 10-1280] procedural assignment to a non-register a is not permitted, left-hand side should be reg/integer/time/genvar [F:/Digital System Design/Lab 2/Carry_look_ahead_adder/Carry_look_ahead_adder.srcs/sim_1/new/CLA_test.v:17]
INFO: [#UNDEF] Sorry, too many errors..
