Unable to capture context for thread 2744 in process 5676, can not generate back trace
Exception at PC 0x00007FFA3E24BB93
Printing stacktrace...

Unable to capture context for thread 2744 in process 5676, can not generate back trace
Exception at PC 0x00007FFAAE719159
Exception at PC 0x00007FFAAE719159
Exception at PC 0x00007FFAAE719159
Exception at PC 0x00007FFAAE719159
Exception at PC 0x00007FFAAE719159
Exception at PC 0x00007FFAAE719159
Exception at PC 0x00007FFAAE719159
Exception at PC 0x00007FFAAE719159
Exception at PC 0x00007FFAAE719159
Exception at PC 0x00007FFAAE719159
Exception at PC 0x00007FFAAE719159
Exception at PC 0x00007FFAAE719159
Exception at PC 0x00007FFAAE719159
Exception at PC 0x00007FFAAE719159
[0]  [0x00007FFA3E24BB93]
[1]  [0x00007FFA3E24BB93]
[2]  [0x00007FFA3E24B4A1]
[3]  [0x00007FFA3E24B3EF]
[4]  [0x00007FFA3E2319FE]
[5]  [0x00007FFA3E230ED1]
[6]  [0x00007FFA3E230D76]
[7]  [0x00007FFA3E1D79F6]
[8]  [0x00007FFA3E1C7AFB]
[9]  [0x00007FFA3E2EE90A]
[10]  [0x00007FFA3E309F87]
[11]  [0x00007FFA3E30A05F]
[12] (BaseThreadInitThunk+0x14) [0x00007FFAAF977974]
[13] (RtlUserThreadStart+0x21) [0x00007FFAB240A271]
Done
Exception at PC 0x00007FFAAE719159
Exception at PC 0x00007FFAAE719159
Exception at PC 0x00007FFAAE719159
Exception at PC 0x00007FFAAE719159
Exception at PC 0x00007FFAAE719159
Exception at PC 0x00007FFAAE719159
Exception at PC 0x00007FFAAE719159
